
----------------------------------------------------------------------------
--                            Design Analysis                             --
----------------------------------------------------------------------------
Analyze pcore spiifc ...


----------------------------------------------------------------------------
--                            Design Analysis                             --
----------------------------------------------------------------------------
Analyze pcore spiifc ...


----------------------------------------------------------------------------
--                            Design Analysis                             --
----------------------------------------------------------------------------
Analyze pcore spiifc ...


----------------------------------------------------------------------------
--                            File Generation                             --
----------------------------------------------------------------------------
Creating HDL source directory ...
Generating top peripheral VHDL template ...
Generating stub user logic Verilog template ...
HDL templates successfully generated ...
Creating data directory ...
Generating XPS inteface files ...
WARNING:HDLParsers:3497 - Ignoring Verilog File
   "C:/Users/mjlyons/workspace/vSPI/projnav/xps/pcores/spiifc_v1_00_a/data/../hd
   l/verilog/user_logic.v"
Compiling vhdl file
"C:/Xilinx/13.2/ISE_DS/EDK/hw/XilinxProcessorIPLib/pcores/proc_common_v3_00_a/hd
l/vhdl/family_support.vhd" in Library proc_common_v3_00_a.
Package <family_support> compiled.
Package body <family_support> compiled.
Compiling vhdl file
"C:/Xilinx/13.2/ISE_DS/EDK/hw/XilinxProcessorIPLib/pcores/proc_common_v3_00_a/hd
l/vhdl/or_muxcy.vhd" in Library proc_common_v3_00_a.
Entity <or_muxcy> compiled.
Entity <or_muxcy> (Architecture <implementation>) compiled.
Compiling vhdl file
"C:/Xilinx/13.2/ISE_DS/EDK/hw/XilinxProcessorIPLib/pcores/proc_common_v3_00_a/hd
l/vhdl/proc_common_pkg.vhd" in Library proc_common_v3_00_a.
Package <proc_common_pkg> compiled.
Package body <proc_common_pkg> compiled.
Compiling vhdl file
"C:/Xilinx/13.2/ISE_DS/EDK/hw/XilinxProcessorIPLib/pcores/proc_common_v3_00_a/hd
l/vhdl/ipif_pkg.vhd" in Library proc_common_v3_00_a.
Package <ipif_pkg> compiled.
Package body <ipif_pkg> compiled.
Compiling vhdl file
"C:/Xilinx/13.2/ISE_DS/EDK/hw/XilinxProcessorIPLib/pcores/proc_common_v3_00_a/hd
l/vhdl/or_gate128.vhd" in Library proc_common_v3_00_a.
Entity <or_gate128> compiled.
Entity <or_gate128> (Architecture <imp>) compiled.
Compiling vhdl file
"C:/Xilinx/13.2/ISE_DS/EDK/hw/XilinxProcessorIPLib/pcores/proc_common_v3_00_a/hd
l/vhdl/pselect_f.vhd" in Library proc_common_v3_00_a.
Entity <pselect_f> compiled.
Entity <pselect_f> (Architecture <imp>) compiled.
Compiling vhdl file
"C:/Xilinx/13.2/ISE_DS/EDK/hw/XilinxProcessorIPLib/pcores/proc_common_v3_00_a/hd
l/vhdl/counter_f.vhd" in Library proc_common_v3_00_a.
Entity <counter_f> compiled.
Entity <counter_f> (Architecture <imp>) compiled.
Compiling vhdl file
"C:/Xilinx/13.2/ISE_DS/EDK/hw/XilinxProcessorIPLib/pcores/plbv46_slave_burst_v1_
01_a/hdl/vhdl/flex_addr_cntr.vhd" in Library plbv46_slave_burst_v1_01_a.
Entity <flex_addr_cntr> compiled.
Entity <flex_addr_cntr> (Architecture <implementation>) compiled.
Compiling vhdl file
"C:/Xilinx/13.2/ISE_DS/EDK/hw/XilinxProcessorIPLib/pcores/plbv46_slave_burst_v1_
01_a/hdl/vhdl/be_reset_gen.vhd" in Library plbv46_slave_burst_v1_01_a.
Entity <be_reset_gen> compiled.
Entity <be_reset_gen> (Architecture <implementation>) compiled.
Compiling vhdl file
"C:/Xilinx/13.2/ISE_DS/EDK/hw/XilinxProcessorIPLib/pcores/plbv46_slave_burst_v1_
01_a/hdl/vhdl/plb_address_decoder.vhd" in Library plbv46_slave_burst_v1_01_a.
Entity <plb_address_decoder> compiled.
Entity <plb_address_decoder> (Architecture <IMP>) compiled.
Compiling vhdl file
"C:/Xilinx/13.2/ISE_DS/EDK/hw/XilinxProcessorIPLib/pcores/plbv46_slave_burst_v1_
01_a/hdl/vhdl/wr_buffer.vhd" in Library plbv46_slave_burst_v1_01_a.
Entity <wr_buffer> compiled.
Entity <wr_buffer> (Architecture <imp>) compiled.
Compiling vhdl file
"C:/Xilinx/13.2/ISE_DS/EDK/hw/XilinxProcessorIPLib/pcores/plbv46_slave_burst_v1_
01_a/hdl/vhdl/burst_support.vhd" in Library plbv46_slave_burst_v1_01_a.
Entity <burst_support> compiled.
Entity <burst_support> (Architecture <implementation>) compiled.
Compiling vhdl file
"C:/Xilinx/13.2/ISE_DS/EDK/hw/XilinxProcessorIPLib/pcores/plbv46_slave_burst_v1_
01_a/hdl/vhdl/addr_reg_cntr_brst_flex.vhd" in Library
plbv46_slave_burst_v1_01_a.
Entity <addr_reg_cntr_brst_flex> compiled.
Entity <addr_reg_cntr_brst_flex> (Architecture <implementation>) compiled.
Compiling vhdl file
"C:/Xilinx/13.2/ISE_DS/EDK/hw/XilinxProcessorIPLib/pcores/plbv46_slave_burst_v1_
01_a/hdl/vhdl/plb_slave_attachment.vhd" in Library plbv46_slave_burst_v1_01_a.
Entity <plb_slave_attachment> compiled.
Entity <plb_slave_attachment> (Architecture <implementation>) compiled.
Compiling vhdl file
"C:/Xilinx/13.2/ISE_DS/EDK/hw/XilinxProcessorIPLib/pcores/plbv46_slave_burst_v1_
01_a/hdl/vhdl/data_mirror_128.vhd" in Library plbv46_slave_burst_v1_01_a.
Entity <data_mirror_128> compiled.
Entity <data_mirror_128> (Architecture <implementation>) compiled.
Compiling vhdl file
"C:/Xilinx/13.2/ISE_DS/EDK/hw/XilinxProcessorIPLib/pcores/interrupt_control_v2_0
1_a/hdl/vhdl/interrupt_control.vhd" in Library interrupt_control_v2_01_a.
Entity <interrupt_control> compiled.
Entity <interrupt_control> (Architecture <implementation>) compiled.
Compiling vhdl file
"C:/Xilinx/13.2/ISE_DS/EDK/hw/XilinxProcessorIPLib/pcores/plbv46_slave_burst_v1_
01_a/hdl/vhdl/plbv46_slave_burst.vhd" in Library plbv46_slave_burst_v1_01_a.
Entity <plbv46_slave_burst> compiled.
Entity <plbv46_slave_burst> (Architecture <implementation>) compiled.
Compiling vhdl file
"C:/Users/mjlyons/workspace/vSPI/projnav/xps/pcores/spiifc_v1_00_a/data/../hdl/v
hdl/spiifc.vhd" in Library spiifc_v1_00_a.
Entity <spiifc> compiled.
Entity <spiifc> (Architecture <IMP>) compiled.


Analyzing HDL attributes ...
Entity name = spiifc
INFO:EDK:1607 - IPTYPE set to value : PERIPHERAL
INFO:EDK:1511 - IMP_NETLIST set to value : TRUE
INFO:EDK:1486 - HDL set to value : VHDL
WARNING:EDK:3588 - Unable to delete temporary XST project file
   C:\Users\mjlyons\workspace\vSPI\projnav\xps\pcores\spiifc_v1_00_a\data\_spiif
   c_xst.prj : 13
XPS interface files successfully generated ...
Creating development directory ...
Generating command option file ...
Generating readme file ...
Development misc files successfully generated ...
Creating projnav directory ...
Generating ProjNav support files ...
ProjNav support files successfully generated ...
Creating synthesis directory ...
Generating XST synthesis support files ...
XST synthesis support files successfully generated ...
No BFM simulation files will be generated at this time ...
Creating software driver data directory ...
Generating software driver XPS interface (mdd/tcl) files ...
Software driver data definition file (.mdd) successfully generated ...
Software driver data generation file (.tcl) successfully generated ...
Creating software driver src directory ...
Generating software driver template files ...
Software driver compile file (Makefile) successfully generated ...
output user slave register(s) offset to software driver header ...
output interrupt control register(s) offset to software driver header ...
Software driver header file (.h) successfully generated ...
Software driver source file (.c) successfully generated ...
Software driver SelfTest file (.c) successfully generated ...
Software driver template files successfully generated ...

----------------------------------------------------------------------------
--                              Final Report                              --
----------------------------------------------------------------------------
Thank you for using Create and Import Peripheral Wizard! Please find your
peripheral hardware templates under
C:\Users\mjlyons\workspace\vSPI\projnav\xps/pcores/spiifc_v1_00_a and peripheral
software templates under
C:\Users\mjlyons\workspace\vSPI\projnav\xps/drivers/spiifc_v1_00_a respectively.

Peripheral Summary:

  top name       : spiifc
  version        : 1.00.a
  type           : PLB (v4.6) slave
  features       : slave attachment
                   interrupt control
                   user s/w registers
                   user memory spaces

Address Block Summary:

  user logic slv : C_BASEADDR + 0x00000000
                 : C_BASEADDR + 0x000000FF
  interrupt      : C_BASEADDR + 0x00000100
                 : C_BASEADDR + 0x000001FF
  user memory 0  : C_MEM0_BASEADDR
                 : C_MEM0_HIGHADDR
  user memory 1  : C_MEM1_BASEADDR
                 : C_MEM1_HIGHADDR

File Summary

  - HDL source -
  C:\Users\mjlyons\workspace\vSPI\projnav\xps/pcores/spiifc_v1_00_a/hdl
  top entity     : vhdl/spiifc.vhd
  user logic     : verilog/user_logic.v

  - XPS interface -
  C:\Users\mjlyons\workspace\vSPI\projnav\xps/pcores/spiifc_v1_00_a/data
  mpd            : spiifc_v2_1_0.mpd
  pao            : spiifc_v2_1_0.pao

  - ISE project -
  C:\Users\mjlyons\workspace\vSPI\projnav\xps/pcores/spiifc_v1_00_a/devl/projnav
  ise project    : spiifc.xise
  tcl script     : spiifc.tcl


  - XST synthesis -
C:\Users\mjlyons\workspace\vSPI\projnav\xps/pcores/spiifc_v1_00_a/devl/synthesis
  xst script     : spiifc_xst.scr
  xst project    : spiifc_xst.prj

  - Misc file -
  C:\Users\mjlyons\workspace\vSPI\projnav\xps/pcores/spiifc_v1_00_a/devl
  help           : README.txt
  option         : ipwiz.opt
  log            : ipwiz.log

  - Driver source -
  C:\Users\mjlyons\workspace\vSPI\projnav\xps/drivers/spiifc_v1_00_a/src
  makefile       : Makefile
  header         : spiifc.h
  source         : spiifc.c
  selftest       : spiifc_selftest.c

  - Driver interface -
  C:\Users\mjlyons\workspace\vSPI\projnav\xps/drivers/spiifc_v1_00_a/data
  mdd            : spiifc_v2_1_0.mdd
  tcl            : spiifc_v2_1_0.tcl


